\BOOKMARK [0][-]{titlepage.0}{\376\377\142\111\000\040\000\040\000\040\000\040\230\165}{}% 1
\BOOKMARK [0][-]{abstract.0}{\376\377\144\130\211\201}{}% 2
\BOOKMARK [0][-]{toc.0}{\376\377\166\356\000\040\000\040\000\040\000\040\137\125}{}% 3
\BOOKMARK [0][-]{chapter.1}{\376\377\173\054\116\000\172\340\000\040\000\040\176\352\213\272}{}% 4
\BOOKMARK [1][-]{section.1.1}{\376\377\0001\000.\0001\000\040\170\024\172\166\200\314\146\157}{chapter.1}% 5
\BOOKMARK [1][-]{section.1.2}{\376\377\0001\000.\0002\000\040\170\024\172\166\141\017\116\111}{chapter.1}% 6
\BOOKMARK [1][-]{section.1.3}{\376\377\0001\000.\0003\000\040\170\024\172\166\121\205\133\271}{chapter.1}% 7
\BOOKMARK [1][-]{section.1.4}{\376\377\0001\000.\0004\000\040\170\024\172\166\145\271\154\325\116\016\170\024\172\166\140\035\215\357}{chapter.1}% 8
\BOOKMARK [1][-]{section.1.5}{\376\377\0001\000.\0005\000\040\170\024\172\166\150\106\147\266}{chapter.1}% 9
\BOOKMARK [0][-]{chapter.2}{\376\377\173\054\116\214\172\340\000\040\000\040\145\207\163\056\176\374\217\360}{}% 10
\BOOKMARK [1][-]{section.2.1}{\376\377\0002\000.\0001\000\040\126\375\131\026\170\024\172\166\176\323\147\234}{chapter.2}% 11
\BOOKMARK [2][-]{subsection.2.1.1}{\376\377\0002\000.\0001\000.\0001\000\040\147\037\147\103\133\232\116\367\164\006\213\272}{section.2.1}% 12
\BOOKMARK [2][-]{subsection.2.1.2}{\376\377\0002\000.\0001\000.\0002\000\040\122\250\140\001\133\371\121\262\164\006\213\272}{section.2.1}% 13
\BOOKMARK [1][-]{section.2.2}{\376\377\0002\000.\0002\000\040\126\375\121\205\170\024\172\166\176\323\147\234}{chapter.2}% 14
\BOOKMARK [1][-]{section.2.3}{\376\377\0002\000.\0003\000\040\147\054\172\340\134\017\176\323}{chapter.2}% 15
\BOOKMARK [0][-]{chapter.3}{\376\377\173\054\116\011\172\340\000\040\000\040\145\207\163\056\176\374\217\360}{}% 16
\BOOKMARK [1][-]{section.3.1}{\376\377\0003\000.\0001\000\040\126\375\131\026\170\024\172\166\176\323\147\234}{chapter.3}% 17
\BOOKMARK [2][-]{subsection.3.1.1}{\376\377\0003\000.\0001\000.\0001\000\040\147\037\147\103\133\232\116\367\164\006\213\272}{section.3.1}% 18
\BOOKMARK [2][-]{subsection.3.1.2}{\376\377\0003\000.\0001\000.\0002\000\040\122\250\140\001\133\371\121\262\164\006\213\272}{section.3.1}% 19
\BOOKMARK [1][-]{section.3.2}{\376\377\0003\000.\0002\000\040\126\375\121\205\170\024\172\166\176\323\147\234}{chapter.3}% 20
\BOOKMARK [1][-]{section.3.3}{\376\377\0003\000.\0003\000\040\147\054\172\340\134\017\176\323}{chapter.3}% 21
\BOOKMARK [0][-]{chapter.4}{\376\377\173\054\126\333\172\340\000\040\000\040\000L\000a\000T\000e\000X\000\040\143\222\162\110\117\213\133\120}{}% 22
\BOOKMARK [1][-]{section.4.1}{\376\377\0004\000.\0001\000\040\122\027\210\150\163\257\130\203}{chapter.4}% 23
\BOOKMARK [2][-]{subsection.4.1.1}{\376\377\0004\000.\0001\000.\0001\000\040\145\340\136\217\122\027\210\150}{section.4.1}% 24
\BOOKMARK [2][-]{subsection.4.1.2}{\376\377\0004\000.\0001\000.\0002\000\040\147\011\136\217\122\027\210\150}{section.4.1}% 25
\BOOKMARK [2][-]{subsection.4.1.3}{\376\377\0004\000.\0001\000.\0003\000\040\143\317\217\360\127\213\122\027\210\150}{section.4.1}% 26
\BOOKMARK [2][-]{subsection.4.1.4}{\376\377\0004\000.\0001\000.\0004\000\040\201\352\133\232\116\111\122\027\210\150\150\067\137\017}{section.4.1}% 27
\BOOKMARK [1][-]{section.4.2}{\376\377\0004\000.\0002\000\040\145\160\133\146\143\222\162\110}{chapter.4}% 28
\BOOKMARK [2][-]{subsection.4.2.1}{\376\377\0004\000.\0002\000.\0001\000\040\121\154\137\017\143\222\162\110}{section.4.2}% 29
\BOOKMARK [2][-]{subsection.4.2.2}{\376\377\0004\000.\0002\000.\0002\000\040\000S\000I\123\125\117\115}{section.4.2}% 30
\BOOKMARK [2][-]{subsection.4.2.3}{\376\377\0004\000.\0002\000.\0003\000\040\133\232\164\006\163\257\130\203}{section.4.2}% 31
\BOOKMARK [1][-]{section.4.3}{\376\377\0004\000.\0003\000\040\124\021\145\207\150\143\116\055\143\322\121\145\126\376\120\317}{chapter.4}% 32
\BOOKMARK [2][-]{subsection.4.3.1}{\376\377\0004\000.\0003\000.\0001\000\040\145\057\143\001\166\204\126\376\162\107\150\074\137\017}{section.4.3}% 33
\BOOKMARK [2][-]{subsection.4.3.2}{\376\377\0004\000.\0003\000.\0002\000\040\225\177\150\007\230\230\166\204\143\142\210\114}{section.4.3}% 34
\BOOKMARK [2][-]{subsection.4.3.3}{\376\377\0004\000.\0003\000.\0003\000\040\176\330\122\066\155\101\172\013\126\376}{section.4.3}% 35
\BOOKMARK [1][-]{section.4.4}{\376\377\0004\000.\0004\000\040\210\150\150\074}{chapter.4}% 36
\BOOKMARK [1][-]{section.4.5}{\376\377\0004\000.\0005\000\040\123\302\200\003\145\207\163\056\173\241\164\006}{chapter.4}% 37
\BOOKMARK [1][-]{section.4.6}{\376\377\0004\000.\0006\000\040\165\050\000l\000i\000s\000t\000i\000n\000g\000s\143\322\121\145\156\220\116\343\170\001}{chapter.4}% 38
\BOOKMARK [1][-]{section.4.7}{\376\377\0004\000.\0007\000\040\165\050\000a\000l\000g\000o\000r\000i\000t\000h\000m\124\214\000a\000l\000g\000o\000r\000i\000t\000h\000m\000i\000c\000x\133\217\123\005\143\322\121\145\173\227\154\325\143\317\217\360}{chapter.4}% 39
\BOOKMARK [0][-]{chapter.5}{\376\377\173\054\116\224\172\340\000\040\000\040\136\070\211\301\225\356\230\230}{}% 40
\BOOKMARK [0][-]{chapter*.12}{\376\377\121\150\145\207\140\073\176\323}{}% 41
\BOOKMARK [0][-]{appendix.A}{\376\377\226\104\137\125\000\040\000A\000\040\000\040\144\055\136\372\152\041\147\177\177\026\213\321\163\257\130\203}{}% 42
\BOOKMARK [1][-]{section.A.1}{\376\377\000A\000.\0001\000\040\133\211\210\305\000T\000e\000X\123\321\210\114\162\110}{appendix.A}% 43
\BOOKMARK [2][-]{subsection.A.1.1}{\376\377\000A\000.\0001\000.\0001\000\040\000M\000a\000c\000\040\000O\000S\000\040\000X}{section.A.1}% 44
\BOOKMARK [2][-]{subsection.A.1.2}{\376\377\000A\000.\0001\000.\0002\000\040\000L\000i\000n\000u\000x}{section.A.1}% 45
\BOOKMARK [1][-]{section.A.2}{\376\377\000A\000.\0002\000\040\133\211\210\305\116\055\145\207\133\127\117\123}{appendix.A}% 46
\BOOKMARK [2][-]{subsection.A.2.1}{\376\377\000A\000.\0002\000.\0001\000\040\000M\000a\000c\000\040\000O\000S\000\040\000X\060\001\000D\000e\000e\000p\000i\000n}{section.A.2}% 47
\BOOKMARK [2][-]{subsection.A.2.2}{\376\377\000A\000.\0002\000.\0002\000\040\000R\000e\000d\000H\000a\000t\000/\000C\000e\000n\000t\000O\000S\165\050\142\067}{section.A.2}% 48
\BOOKMARK [0][-]{appendix.B}{\376\377\226\104\137\125\000\040\000B\000\040\000\040\000M\000a\000x\000w\000e\000l\000l\000\040\000E\000q\000u\000a\000t\000i\000o\000n\000s}{}% 49
\BOOKMARK [0][-]{appendix.C}{\376\377\226\104\137\125\000\040\000C\000\040\000\040\116\316\000\040\000C\000J\000K\040\023\000L\000a\000T\000e\000X\000\040\217\154\124\021\000\040\000X\000e\000T\000e\000X}{}% 50
\BOOKMARK [0][-]{appendix.D}{\376\377\226\104\137\125\000\040\000D\000\040\000\040\152\041\147\177\146\364\145\260\213\260\137\125}{}% 51
\BOOKMARK [0][-]{appendix*.13}{\376\377\123\302\200\003\145\207\163\056}{}% 52
\BOOKMARK [0][-]{appendix*.14}{\376\377\201\364\000\040\000\040\000\040\000\040\214\042}{}% 53
